2020-03-06 16:20:17,104 [Worker-6: Loading available Gradle versions] INFO  o.e.b.c.i.u.g.PublishedGradleVersions - Gradle version information cache is out-of-date. Trying to update.
2020-03-06 16:21:46,405 [Worker-0: Creating project "existing-code"] INFO  o.e.m.c.i.l.LifecycleMappingFactory - Using org.eclipse.m2e.jdt.JarLifecycleMapping lifecycle mapping for MavenProject: com.xebia.tdd:existing-code:0.0.1-SNAPSHOT @ /Users/mohitk/projects/tdd/existing-code/pom.xml.
2020-03-06 16:21:46,839 [Worker-0: Creating project "existing-code"] INFO  o.e.m.j.i.AbstractJavaProjectConfigurator - Adding source folder /existing-code/src/main/java
2020-03-06 16:21:46,840 [Worker-0: Creating project "existing-code"] INFO  o.e.m.j.i.AbstractJavaProjectConfigurator - Adding resource folder /existing-code/src/main/resources
2020-03-06 16:21:46,841 [Worker-0: Creating project "existing-code"] INFO  o.e.m.j.i.AbstractJavaProjectConfigurator - Adding source folder /existing-code/src/test/java
2020-03-06 16:21:46,841 [Worker-0: Creating project "existing-code"] INFO  o.e.m.j.i.AbstractJavaProjectConfigurator - Adding resource folder /existing-code/src/test/resources
2020-03-06 16:21:48,920 [Worker-1: Building workspace] WARN  o.e.m.c.i.embedder.EclipseLogger - Using platform encoding (UTF-8 actually) to copy filtered resources, i.e. build is platform dependent!
2020-03-06 16:21:48,926 [Worker-1: Building workspace] INFO  o.e.m.c.i.embedder.EclipseLogger - Copying 0 resource
2020-03-06 16:21:48,927 [Worker-1: Building workspace] WARN  o.e.m.c.i.embedder.EclipseLogger - Using platform encoding (UTF-8 actually) to copy filtered resources, i.e. build is platform dependent!
2020-03-06 16:21:48,928 [Worker-1: Building workspace] INFO  o.e.m.c.i.embedder.EclipseLogger - Copying 0 resource
2020-03-06 16:46:21,440 [Worker-17: Creating project "PrimeNumberTestr"] INFO  o.e.m.c.i.l.LifecycleMappingFactory - Using org.eclipse.m2e.jdt.JarLifecycleMapping lifecycle mapping for MavenProject: com.xebia.training:PrimeNumberTestr:0.0.1-SNAPSHOT @ /Users/mohitk/projects/tdd/PrimeNumberTestr/pom.xml.
2020-03-06 16:46:21,676 [Worker-17: Creating project "PrimeNumberTestr"] INFO  o.e.m.j.i.AbstractJavaProjectConfigurator - Adding source folder /PrimeNumberTestr/src/main/java
2020-03-06 16:46:21,677 [Worker-17: Creating project "PrimeNumberTestr"] INFO  o.e.m.j.i.AbstractJavaProjectConfigurator - Adding resource folder /PrimeNumberTestr/src/main/resources
2020-03-06 16:46:21,677 [Worker-17: Creating project "PrimeNumberTestr"] INFO  o.e.m.j.i.AbstractJavaProjectConfigurator - Adding source folder /PrimeNumberTestr/src/test/java
2020-03-06 16:46:21,677 [Worker-17: Creating project "PrimeNumberTestr"] INFO  o.e.m.j.i.AbstractJavaProjectConfigurator - Adding resource folder /PrimeNumberTestr/src/test/resources
2020-03-06 16:46:21,900 [Worker-0: Building workspace] WARN  o.e.m.c.i.embedder.EclipseLogger - Using platform encoding (UTF-8 actually) to copy filtered resources, i.e. build is platform dependent!
2020-03-06 16:46:21,902 [Worker-0: Building workspace] INFO  o.e.m.c.i.embedder.EclipseLogger - Copying 0 resource
2020-03-06 16:46:21,903 [Worker-0: Building workspace] WARN  o.e.m.c.i.embedder.EclipseLogger - Using platform encoding (UTF-8 actually) to copy filtered resources, i.e. build is platform dependent!
2020-03-06 16:46:21,904 [Worker-0: Building workspace] INFO  o.e.m.c.i.embedder.EclipseLogger - Copying 0 resource
2020-03-06 16:46:45,208 [Worker-17: Building workspace] WARN  o.e.m.c.i.embedder.EclipseLogger - Using platform encoding (UTF-8 actually) to copy filtered resources, i.e. build is platform dependent!
2020-03-06 16:46:45,212 [Worker-17: Building workspace] INFO  o.e.m.c.i.embedder.EclipseLogger - Copying 0 resource
2020-03-06 16:46:45,213 [Worker-17: Building workspace] WARN  o.e.m.c.i.embedder.EclipseLogger - Using platform encoding (UTF-8 actually) to copy filtered resources, i.e. build is platform dependent!
2020-03-06 16:46:45,213 [Worker-17: Building workspace] INFO  o.e.m.c.i.embedder.EclipseLogger - Copying 0 resource
2020-03-06 16:46:59,961 [Worker-21: Building workspace] WARN  o.e.m.c.i.embedder.EclipseLogger - Using platform encoding (UTF-8 actually) to copy filtered resources, i.e. build is platform dependent!
2020-03-06 16:46:59,962 [Worker-21: Building workspace] INFO  o.e.m.c.i.embedder.EclipseLogger - Copying 0 resource
2020-03-06 16:46:59,963 [Worker-21: Building workspace] WARN  o.e.m.c.i.embedder.EclipseLogger - Using platform encoding (UTF-8 actually) to copy filtered resources, i.e. build is platform dependent!
2020-03-06 16:46:59,964 [Worker-21: Building workspace] INFO  o.e.m.c.i.embedder.EclipseLogger - Copying 0 resource
2020-03-06 16:47:01,004 [Worker-22: Building workspace] WARN  o.e.m.c.i.embedder.EclipseLogger - Using platform encoding (UTF-8 actually) to copy filtered resources, i.e. build is platform dependent!
2020-03-06 16:47:01,005 [Worker-22: Building workspace] INFO  o.e.m.c.i.embedder.EclipseLogger - Copying 0 resource
2020-03-06 16:47:01,007 [Worker-22: Building workspace] WARN  o.e.m.c.i.embedder.EclipseLogger - Using platform encoding (UTF-8 actually) to copy filtered resources, i.e. build is platform dependent!
2020-03-06 16:47:01,008 [Worker-22: Building workspace] INFO  o.e.m.c.i.embedder.EclipseLogger - Copying 0 resource
2020-03-06 16:51:58,110 [Worker-24: Building workspace] WARN  o.e.m.c.i.embedder.EclipseLogger - Using platform encoding (UTF-8 actually) to copy filtered resources, i.e. build is platform dependent!
2020-03-06 16:51:58,112 [Worker-24: Building workspace] INFO  o.e.m.c.i.embedder.EclipseLogger - Copying 0 resource
2020-03-06 16:51:58,112 [Worker-24: Building workspace] WARN  o.e.m.c.i.embedder.EclipseLogger - Using platform encoding (UTF-8 actually) to copy filtered resources, i.e. build is platform dependent!
2020-03-06 16:51:58,113 [Worker-24: Building workspace] INFO  o.e.m.c.i.embedder.EclipseLogger - Copying 0 resource
2020-03-06 16:53:24,778 [Worker-23: Launching PrimeNumberTester] WARN  o.e.m.c.i.embedder.EclipseLogger - Using platform encoding (UTF-8 actually) to copy filtered resources, i.e. build is platform dependent!
2020-03-06 16:53:24,779 [Worker-23: Launching PrimeNumberTester] INFO  o.e.m.c.i.embedder.EclipseLogger - Copying 0 resource
2020-03-06 16:53:24,780 [Worker-23: Launching PrimeNumberTester] WARN  o.e.m.c.i.embedder.EclipseLogger - Using platform encoding (UTF-8 actually) to copy filtered resources, i.e. build is platform dependent!
2020-03-06 16:53:24,781 [Worker-23: Launching PrimeNumberTester] INFO  o.e.m.c.i.embedder.EclipseLogger - Copying 0 resource
2020-03-06 16:58:57,793 [Worker-28: Building workspace] WARN  o.e.m.c.i.embedder.EclipseLogger - Using platform encoding (UTF-8 actually) to copy filtered resources, i.e. build is platform dependent!
2020-03-06 16:58:57,794 [Worker-28: Building workspace] INFO  o.e.m.c.i.embedder.EclipseLogger - Copying 0 resource
2020-03-06 16:58:57,794 [Worker-28: Building workspace] WARN  o.e.m.c.i.embedder.EclipseLogger - Using platform encoding (UTF-8 actually) to copy filtered resources, i.e. build is platform dependent!
2020-03-06 16:58:57,795 [Worker-28: Building workspace] INFO  o.e.m.c.i.embedder.EclipseLogger - Copying 0 resource
2020-03-06 17:02:22,705 [Worker-27: Building workspace] WARN  o.e.m.c.i.embedder.EclipseLogger - Using platform encoding (UTF-8 actually) to copy filtered resources, i.e. build is platform dependent!
2020-03-06 17:02:22,706 [Worker-27: Building workspace] INFO  o.e.m.c.i.embedder.EclipseLogger - Copying 0 resource
2020-03-06 17:02:22,707 [Worker-27: Building workspace] WARN  o.e.m.c.i.embedder.EclipseLogger - Using platform encoding (UTF-8 actually) to copy filtered resources, i.e. build is platform dependent!
2020-03-06 17:02:22,707 [Worker-27: Building workspace] INFO  o.e.m.c.i.embedder.EclipseLogger - Copying 0 resource
2020-03-06 17:05:43,372 [Worker-26: Building workspace] WARN  o.e.m.c.i.embedder.EclipseLogger - Using platform encoding (UTF-8 actually) to copy filtered resources, i.e. build is platform dependent!
2020-03-06 17:05:43,373 [Worker-26: Building workspace] INFO  o.e.m.c.i.embedder.EclipseLogger - Copying 0 resource
2020-03-06 17:05:43,375 [Worker-26: Building workspace] WARN  o.e.m.c.i.embedder.EclipseLogger - Using platform encoding (UTF-8 actually) to copy filtered resources, i.e. build is platform dependent!
2020-03-06 17:05:43,376 [Worker-26: Building workspace] INFO  o.e.m.c.i.embedder.EclipseLogger - Copying 0 resource
2020-03-06 17:06:46,903 [Worker-0: Loading available Gradle versions] INFO  o.e.b.c.i.u.g.PublishedGradleVersions - Gradle version information cache is up-to-date. Trying to read.
2020-03-06 17:07:10,208 [Worker-9: Building workspace] WARN  o.e.m.c.i.embedder.EclipseLogger - Using platform encoding (UTF-8 actually) to copy filtered resources, i.e. build is platform dependent!
2020-03-06 17:07:10,215 [Worker-9: Building workspace] INFO  o.e.m.c.i.embedder.EclipseLogger - Copying 0 resource
2020-03-06 17:07:10,217 [Worker-9: Building workspace] WARN  o.e.m.c.i.embedder.EclipseLogger - Using platform encoding (UTF-8 actually) to copy filtered resources, i.e. build is platform dependent!
2020-03-06 17:07:10,218 [Worker-9: Building workspace] INFO  o.e.m.c.i.embedder.EclipseLogger - Copying 0 resource
2020-03-06 17:29:50,697 [Worker-17: Building workspace] WARN  o.e.m.c.i.embedder.EclipseLogger - Using platform encoding (UTF-8 actually) to copy filtered resources, i.e. build is platform dependent!
2020-03-06 17:29:50,721 [Worker-17: Building workspace] INFO  o.e.m.c.i.embedder.EclipseLogger - Copying 0 resource
2020-03-06 17:29:50,723 [Worker-17: Building workspace] WARN  o.e.m.c.i.embedder.EclipseLogger - Using platform encoding (UTF-8 actually) to copy filtered resources, i.e. build is platform dependent!
2020-03-06 17:29:50,724 [Worker-17: Building workspace] INFO  o.e.m.c.i.embedder.EclipseLogger - Copying 0 resource
2020-03-06 17:29:56,880 [Worker-21: Building workspace] INFO  o.e.m.c.i.l.LifecycleMappingFactory - Using org.eclipse.m2e.jdt.JarLifecycleMapping lifecycle mapping for MavenProject: com.xebia.training:PrimeNumberTestr:0.0.1-SNAPSHOT @ /Users/mohitk/projects/tdd/PrimeNumberTestr/pom.xml.
2020-03-06 17:29:57,031 [Worker-21: Building workspace] WARN  o.e.m.c.i.embedder.EclipseLogger - Using platform encoding (UTF-8 actually) to copy filtered resources, i.e. build is platform dependent!
2020-03-06 17:29:57,032 [Worker-21: Building workspace] INFO  o.e.m.c.i.embedder.EclipseLogger - Copying 0 resource
2020-03-06 17:29:57,034 [Worker-21: Building workspace] WARN  o.e.m.c.i.embedder.EclipseLogger - Using platform encoding (UTF-8 actually) to copy filtered resources, i.e. build is platform dependent!
2020-03-06 17:29:57,035 [Worker-21: Building workspace] INFO  o.e.m.c.i.embedder.EclipseLogger - Copying 0 resource
2020-03-06 17:30:31,940 [Worker-21: Rebuilding] WARN  o.e.m.c.i.embedder.EclipseLogger - Using platform encoding (UTF-8 actually) to copy filtered resources, i.e. build is platform dependent!
2020-03-06 17:30:31,941 [Worker-21: Rebuilding] INFO  o.e.m.c.i.embedder.EclipseLogger - Copying 0 resource
2020-03-06 17:30:31,942 [Worker-21: Rebuilding] WARN  o.e.m.c.i.embedder.EclipseLogger - Using platform encoding (UTF-8 actually) to copy filtered resources, i.e. build is platform dependent!
2020-03-06 17:30:31,943 [Worker-21: Rebuilding] INFO  o.e.m.c.i.embedder.EclipseLogger - Copying 0 resource
2020-03-06 17:31:42,328 [Worker-21: Building workspace] WARN  o.e.m.c.i.embedder.EclipseLogger - Using platform encoding (UTF-8 actually) to copy filtered resources, i.e. build is platform dependent!
2020-03-06 17:31:42,329 [Worker-21: Building workspace] INFO  o.e.m.c.i.embedder.EclipseLogger - Copying 0 resource
2020-03-06 17:31:42,330 [Worker-21: Building workspace] WARN  o.e.m.c.i.embedder.EclipseLogger - Using platform encoding (UTF-8 actually) to copy filtered resources, i.e. build is platform dependent!
2020-03-06 17:31:42,331 [Worker-21: Building workspace] INFO  o.e.m.c.i.embedder.EclipseLogger - Copying 0 resource
2020-03-06 17:36:21,924 [Worker-23: Launching PrimeNumberValidatorTest] WARN  o.e.m.c.i.embedder.EclipseLogger - Using platform encoding (UTF-8 actually) to copy filtered resources, i.e. build is platform dependent!
2020-03-06 17:36:21,924 [Worker-23: Launching PrimeNumberValidatorTest] INFO  o.e.m.c.i.embedder.EclipseLogger - Copying 0 resource
2020-03-06 17:36:21,926 [Worker-23: Launching PrimeNumberValidatorTest] WARN  o.e.m.c.i.embedder.EclipseLogger - Using platform encoding (UTF-8 actually) to copy filtered resources, i.e. build is platform dependent!
2020-03-06 17:36:21,927 [Worker-23: Launching PrimeNumberValidatorTest] INFO  o.e.m.c.i.embedder.EclipseLogger - Copying 0 resource
2020-03-06 17:36:42,808 [Worker-23: Building workspace] WARN  o.e.m.c.i.embedder.EclipseLogger - Using platform encoding (UTF-8 actually) to copy filtered resources, i.e. build is platform dependent!
2020-03-06 17:36:42,808 [Worker-23: Building workspace] INFO  o.e.m.c.i.embedder.EclipseLogger - Copying 0 resource
2020-03-06 17:36:42,809 [Worker-23: Building workspace] WARN  o.e.m.c.i.embedder.EclipseLogger - Using platform encoding (UTF-8 actually) to copy filtered resources, i.e. build is platform dependent!
2020-03-06 17:36:42,810 [Worker-23: Building workspace] INFO  o.e.m.c.i.embedder.EclipseLogger - Copying 0 resource
2020-03-06 17:37:13,546 [Worker-24: Building workspace] WARN  o.e.m.c.i.embedder.EclipseLogger - Using platform encoding (UTF-8 actually) to copy filtered resources, i.e. build is platform dependent!
2020-03-06 17:37:13,546 [Worker-24: Building workspace] INFO  o.e.m.c.i.embedder.EclipseLogger - Copying 0 resource
2020-03-06 17:37:13,548 [Worker-24: Building workspace] WARN  o.e.m.c.i.embedder.EclipseLogger - Using platform encoding (UTF-8 actually) to copy filtered resources, i.e. build is platform dependent!
2020-03-06 17:37:13,548 [Worker-24: Building workspace] INFO  o.e.m.c.i.embedder.EclipseLogger - Copying 0 resource
2020-03-06 17:39:12,980 [Worker-17: Launching PrimeNumberValidatorTest] WARN  o.e.m.c.i.embedder.EclipseLogger - Using platform encoding (UTF-8 actually) to copy filtered resources, i.e. build is platform dependent!
2020-03-06 17:39:12,981 [Worker-17: Launching PrimeNumberValidatorTest] INFO  o.e.m.c.i.embedder.EclipseLogger - Copying 0 resource
2020-03-06 17:39:12,982 [Worker-17: Launching PrimeNumberValidatorTest] WARN  o.e.m.c.i.embedder.EclipseLogger - Using platform encoding (UTF-8 actually) to copy filtered resources, i.e. build is platform dependent!
2020-03-06 17:39:12,983 [Worker-17: Launching PrimeNumberValidatorTest] INFO  o.e.m.c.i.embedder.EclipseLogger - Copying 0 resource
2020-03-06 17:40:38,157 [Worker-17: Building workspace] WARN  o.e.m.c.i.embedder.EclipseLogger - Using platform encoding (UTF-8 actually) to copy filtered resources, i.e. build is platform dependent!
2020-03-06 17:40:38,157 [Worker-17: Building workspace] INFO  o.e.m.c.i.embedder.EclipseLogger - Copying 0 resource
2020-03-06 17:40:38,159 [Worker-17: Building workspace] WARN  o.e.m.c.i.embedder.EclipseLogger - Using platform encoding (UTF-8 actually) to copy filtered resources, i.e. build is platform dependent!
2020-03-06 17:40:38,159 [Worker-17: Building workspace] INFO  o.e.m.c.i.embedder.EclipseLogger - Copying 0 resource
2020-03-06 17:40:43,897 [Worker-29: Building workspace] WARN  o.e.m.c.i.embedder.EclipseLogger - Using platform encoding (UTF-8 actually) to copy filtered resources, i.e. build is platform dependent!
2020-03-06 17:40:43,898 [Worker-29: Building workspace] INFO  o.e.m.c.i.embedder.EclipseLogger - Copying 0 resource
2020-03-06 17:40:43,898 [Worker-29: Building workspace] WARN  o.e.m.c.i.embedder.EclipseLogger - Using platform encoding (UTF-8 actually) to copy filtered resources, i.e. build is platform dependent!
2020-03-06 17:40:43,899 [Worker-29: Building workspace] INFO  o.e.m.c.i.embedder.EclipseLogger - Copying 0 resource
